<?xml version="1.0" encoding="UTF-8"?>
<!-- Generated by org.testng.reporters.JUnitXMLReporter -->
<testsuite ignored="0" hostname="tester" failures="0" tests="5" name="Default test" time="0.087" errors="0" timestamp="2025-05-03T16:45:49 IST">
  <testcase classname="com.selenium.testNG.Class17_TestNG" name="test1" time="0.008"/>
  <testcase classname="com.selenium.testNG.Class17_TestNG" name="test2" time="0.001"/>
  <testcase classname="com.selenium.testNG.Class17_TestNG" name="test3" time="0.004"/>
  <testcase classname="com.selenium.testNG.Class17_TestNG" name="test4" time="0.001"/>
  <testcase classname="com.selenium.testNG.Class17_TestNG" name="test5" time="0.002"/>
</testsuite> <!-- Default test -->
