<?xml version="1.0" encoding="UTF-8"?>
<!-- Generated by org.testng.reporters.JUnitXMLReporter -->
<testsuite ignored="3" hostname="tester" failures="0" tests="2" name="Test" time="0.077" errors="0" timestamp="2025-05-03T16:45:10 IST">
  <testcase classname="com.selenium.testNG.Class17_TestNG" name="test1" time="0.008"/>
  <testcase classname="com.selenium.testNG.Class17_TestNG" name="test3" time="0.002"/>
  <testcase classname="com.selenium.testNG.Class17_TestNG" name="test4" time="0.0">
    <ignored/>
  </testcase> <!-- test4 -->
  <testcase classname="com.selenium.testNG.Class17_TestNG" name="test5" time="0.0">
    <ignored/>
  </testcase> <!-- test5 -->
  <testcase classname="com.selenium.testNG.Class17_TestNG" name="test2" time="0.0">
    <ignored/>
  </testcase> <!-- test2 -->
</testsuite> <!-- Test -->
