<?xml version="1.0" encoding="UTF-8"?>
<testng-results ignored="0" total="5" passed="5" failed="0" skipped="0">
  <reporter-output>
  </reporter-output>
  <suite started-at="2025-05-03T16:45:49 IST" name="Default suite" finished-at="2025-05-03T16:45:49 IST" duration-ms="87">
    <groups>
    </groups>
    <test started-at="2025-05-03T16:45:49 IST" name="Default test" finished-at="2025-05-03T16:45:49 IST" duration-ms="87">
      <class name="com.selenium.testNG.Class17_TestNG">
        <test-method signature="test1()[pri:1, instance:com.selenium.testNG.Class17_TestNG@7586beff]" started-at="2025-05-03T16:45:49 IST" name="test1" finished-at="2025-05-03T16:45:49 IST" duration-ms="8" status="PASS">
          <reporter-output>
          </reporter-output>
        </test-method> <!-- test1 -->
        <test-method signature="test2()[pri:2, instance:com.selenium.testNG.Class17_TestNG@7586beff]" started-at="2025-05-03T16:45:49 IST" name="test2" finished-at="2025-05-03T16:45:49 IST" duration-ms="1" status="PASS">
          <reporter-output>
          </reporter-output>
        </test-method> <!-- test2 -->
        <test-method signature="test3()[pri:3, instance:com.selenium.testNG.Class17_TestNG@7586beff]" started-at="2025-05-03T16:45:49 IST" name="test3" finished-at="2025-05-03T16:45:49 IST" duration-ms="4" status="PASS">
          <reporter-output>
          </reporter-output>
        </test-method> <!-- test3 -->
        <test-method signature="test4()[pri:4, instance:com.selenium.testNG.Class17_TestNG@7586beff]" started-at="2025-05-03T16:45:49 IST" name="test4" finished-at="2025-05-03T16:45:49 IST" duration-ms="1" status="PASS">
          <reporter-output>
          </reporter-output>
        </test-method> <!-- test4 -->
        <test-method signature="test5()[pri:5, instance:com.selenium.testNG.Class17_TestNG@7586beff]" started-at="2025-05-03T16:45:49 IST" name="test5" finished-at="2025-05-03T16:45:49 IST" duration-ms="2" status="PASS">
          <reporter-output>
          </reporter-output>
        </test-method> <!-- test5 -->
      </class> <!-- com.selenium.testNG.Class17_TestNG -->
    </test> <!-- Default test -->
  </suite> <!-- Default suite -->
</testng-results>
